<?xml version="1.0" encoding="UTF-8"?>
<!-- Generated by org.testng.reporters.JUnitReportReporter -->
<testsuite hostname="Onkars-MacBook-Air.local" failures="0" tests="1" name="testCases.Verify_Amount_02" time="0.335" errors="0" timestamp="2023-08-20T18:29:06 IST" skipped="0">
  <testcase classname="testCases.Verify_Amount_02" name="verify_Amount" time="0.335"/>
  <system-out/>
</testsuite> <!-- testCases.Verify_Amount_02 -->
