<?xml version="1.0" encoding="UTF-8"?>
<!-- Generated by org.testng.reporters.JUnitReportReporter -->
<testsuite hostname="Onkars-MacBook-Air.local" failures="0" tests="1" name="testCases.VerifyName_TC_03" time="0.197" errors="0" timestamp="2023-10-04T20:09:36 IST" skipped="0">
  <testcase classname="testCases.VerifyName_TC_03" name="checkjacketname" time="0.197"/>
  <system-out/>
</testsuite> <!-- testCases.VerifyName_TC_03 -->
