<?xml version="1.0" encoding="UTF-8"?>
<!-- Generated by org.testng.reporters.JUnitReportReporter -->
<testsuite hostname="Onkars-MacBook-Air.local" failures="0" tests="1" name="testCases.Verify_Amount_02" time="0.367" errors="0" timestamp="2023-08-30T16:51:47 IST" skipped="0">
  <testcase classname="testCases.Verify_Amount_02" name="verify_Amount" time="0.367"/>
</testsuite> <!-- testCases.Verify_Amount_02 -->
