<?xml version="1.0" encoding="UTF-8"?>
<!-- Generated by org.testng.reporters.JUnitReportReporter -->
<testsuite hostname="Onkars-MacBook-Air.local" failures="0" tests="1" name="testCases.LoginTest_01" time="0.151" errors="0" timestamp="2023-08-30T16:15:26 IST" skipped="0">
  <testcase classname="testCases.LoginTest_01" name="test_login" time="0.151"/>
</testsuite> <!-- testCases.LoginTest_01 -->
