<?xml version="1.0" encoding="UTF-8"?>
<!-- Generated by org.testng.reporters.JUnitReportReporter -->
<testsuite hostname="Onkars-MacBook-Air.local" failures="0" tests="1" name="testCases.LoginTest_01" time="0.152" errors="0" timestamp="2023-08-21T15:46:55 IST" skipped="0">
  <testcase classname="testCases.LoginTest_01" name="test_login" time="0.152"/>
</testsuite> <!-- testCases.LoginTest_01 -->
